[0.000000] (-) TimerEvent: {}
[0.000165] (my_beginner_tutorials) JobQueued: {'identifier': 'my_beginner_tutorials', 'dependencies': OrderedDict()}
[0.000209] (my_beginner_tutorials) JobStarted: {'identifier': 'my_beginner_tutorials'}
[0.008848] (my_beginner_tutorials) JobProgress: {'identifier': 'my_beginner_tutorials', 'progress': 'cmake'}
[0.010049] (my_beginner_tutorials) Command: {'cmd': ['/usr/bin/cmake', '/home/dheeraj/ros2_ws/src/my_beginner_tutorials', '-DCMAKE_VERBOSE_MAKEFILE=ON', '-DCMAKE_INSTALL_PREFIX=/home/dheeraj/ros2_ws/src/my_beginner_tutorials/install/my_beginner_tutorials'], 'cwd': '/home/dheeraj/ros2_ws/src/my_beginner_tutorials/build/my_beginner_tutorials', 'env': OrderedDict([('GJS_DEBUG_TOPICS', 'JS ERROR;JS LOG'), ('LESSOPEN', '| /usr/bin/lesspipe %s'), ('USER', 'dheeraj'), ('GIO_MODULE_DIR', '/home/dheeraj/snap/code/common/.cache/gio-modules'), ('XDG_SESSION_TYPE', 'wayland'), ('GIT_ASKPASS', '/snap/code/176/usr/share/code/resources/app/extensions/git/dist/askpass.sh'), ('GTK_EXE_PREFIX_VSCODE_SNAP_ORIG', ''), ('GDK_BACKEND_VSCODE_SNAP_ORIG', ''), ('SHLVL', '1'), ('LD_LIBRARY_PATH', '/usr/lib/x86_64-linux-gnu/gazebo-11/plugins:/opt/ros/humble/opt/rviz_ogre_vendor/lib:/opt/ros/humble/lib/x86_64-linux-gnu:/opt/ros/humble/lib'), ('HOME', '/home/dheeraj'), ('CHROME_DESKTOP', 'code.desktop'), ('LOCPATH_VSCODE_SNAP_ORIG', ''), ('TERM_PROGRAM_VERSION', '1.95.3'), ('DESKTOP_SESSION', 'ubuntu'), ('GTK_PATH', '/snap/code/176/usr/lib/x86_64-linux-gnu/gtk-3.0'), ('GTK_IM_MODULE_FILE', '/home/dheeraj/snap/code/common/.cache/immodules/immodules.cache'), ('GIO_LAUNCHED_DESKTOP_FILE', '/var/lib/snapd/desktop/applications/code_code.desktop'), ('ROS_PYTHON_VERSION', '3'), ('GNOME_SHELL_SESSION_MODE', 'ubuntu'), ('GTK_MODULES', 'gail:atk-bridge'), ('GSETTINGS_SCHEMA_DIR_VSCODE_SNAP_ORIG', ''), ('VSCODE_GIT_ASKPASS_MAIN', '/snap/code/176/usr/share/code/resources/app/extensions/git/dist/askpass-main.js'), ('VSCODE_GIT_ASKPASS_NODE', '/snap/code/176/usr/share/code/code'), ('MANAGERPID', '2551'), ('SYSTEMD_EXEC_PID', '2730'), ('IM_CONFIG_CHECK_ENV', '1'), ('DBUS_SESSION_BUS_ADDRESS', 'unix:path=/run/user/1000/bus'), ('COLORTERM', 'truecolor'), ('GIO_LAUNCHED_DESKTOP_FILE_PID', '36741'), ('IM_CONFIG_PHASE', '1'), ('WAYLAND_DISPLAY', 'wayland-0'), ('ROS_DISTRO', 'humble'), ('LOGNAME', 'dheeraj'), ('JOURNAL_STREAM', '8:25627'), ('_', '/usr/bin/colcon'), ('ROS_VERSION', '2'), ('XDG_CONFIG_DIRS_VSCODE_SNAP_ORIG', '/etc/xdg/xdg-ubuntu:/etc/xdg'), ('XDG_SESSION_CLASS', 'user'), ('XDG_DATA_DIRS_VSCODE_SNAP_ORIG', '/usr/share/ubuntu:/usr/local/share/:/usr/share/:/var/lib/snapd/desktop'), ('USERNAME', 'dheeraj'), ('TERM', 'xterm-256color'), ('GNOME_DESKTOP_SESSION_ID', 'this-is-deprecated'), ('ROS_LOCALHOST_ONLY', '0'), ('PATH', '/opt/ros/humble/bin:/usr/local/sbin:/usr/local/bin:/usr/sbin:/usr/bin:/sbin:/bin:/usr/games:/usr/local/games:/snap/bin:/snap/bin'), ('SESSION_MANAGER', 'local/dheeraj-Latitude-7490:@/tmp/.ICE-unix/2701,unix/dheeraj-Latitude-7490:/tmp/.ICE-unix/2701'), ('GTK_EXE_PREFIX', '/snap/code/176/usr'), ('INVOCATION_ID', '82b9866bdcce4466bbd504943239e91b'), ('XDG_MENU_PREFIX', 'gnome-'), ('BAMF_DESKTOP_FILE_HINT', '/var/lib/snapd/desktop/applications/code_code.desktop'), ('GNOME_SETUP_DISPLAY', ':1'), ('XDG_RUNTIME_DIR', '/run/user/1000'), ('GDK_BACKEND', 'x11'), ('DISPLAY', ':0'), ('LOCPATH', '/snap/code/176/usr/lib/locale'), ('LANG', 'en_US.UTF-8'), ('XDG_CURRENT_DESKTOP', 'Unity'), ('GIO_MODULE_DIR_VSCODE_SNAP_ORIG', ''), ('XDG_DATA_HOME', '/home/dheeraj/snap/code/176/.local/share'), ('XMODIFIERS', '@im=ibus'), ('XDG_SESSION_DESKTOP', 'ubuntu'), ('XAUTHORITY', '/run/user/1000/.mutter-Xwaylandauth.DE6SX2'), ('LS_COLORS', 'rs=0:di=01;34:ln=01;36:mh=00:pi=40;33:so=01;35:do=01;35:bd=40;33;01:cd=40;33;01:or=40;31;01:mi=00:su=37;41:sg=30;43:ca=30;41:tw=30;42:ow=34;42:st=37;44:ex=01;32:*.tar=01;31:*.tgz=01;31:*.arc=01;31:*.arj=01;31:*.taz=01;31:*.lha=01;31:*.lz4=01;31:*.lzh=01;31:*.lzma=01;31:*.tlz=01;31:*.txz=01;31:*.tzo=01;31:*.t7z=01;31:*.zip=01;31:*.z=01;31:*.dz=01;31:*.gz=01;31:*.lrz=01;31:*.lz=01;31:*.lzo=01;31:*.xz=01;31:*.zst=01;31:*.tzst=01;31:*.bz2=01;31:*.bz=01;31:*.tbz=01;31:*.tbz2=01;31:*.tz=01;31:*.deb=01;31:*.rpm=01;31:*.jar=01;31:*.war=01;31:*.ear=01;31:*.sar=01;31:*.rar=01;31:*.alz=01;31:*.ace=01;31:*.zoo=01;31:*.cpio=01;31:*.7z=01;31:*.rz=01;31:*.cab=01;31:*.wim=01;31:*.swm=01;31:*.dwm=01;31:*.esd=01;31:*.jpg=01;35:*.jpeg=01;35:*.mjpg=01;35:*.mjpeg=01;35:*.gif=01;35:*.bmp=01;35:*.pbm=01;35:*.pgm=01;35:*.ppm=01;35:*.tga=01;35:*.xbm=01;35:*.xpm=01;35:*.tif=01;35:*.tiff=01;35:*.png=01;35:*.svg=01;35:*.svgz=01;35:*.mng=01;35:*.pcx=01;35:*.mov=01;35:*.mpg=01;35:*.mpeg=01;35:*.m2v=01;35:*.mkv=01;35:*.webm=01;35:*.webp=01;35:*.ogm=01;35:*.mp4=01;35:*.m4v=01;35:*.mp4v=01;35:*.vob=01;35:*.qt=01;35:*.nuv=01;35:*.wmv=01;35:*.asf=01;35:*.rm=01;35:*.rmvb=01;35:*.flc=01;35:*.avi=01;35:*.fli=01;35:*.flv=01;35:*.gl=01;35:*.dl=01;35:*.xcf=01;35:*.xwd=01;35:*.yuv=01;35:*.cgm=01;35:*.emf=01;35:*.ogv=01;35:*.ogx=01;35:*.aac=00;36:*.au=00;36:*.flac=00;36:*.m4a=00;36:*.mid=00;36:*.midi=00;36:*.mka=00;36:*.mp3=00;36:*.mpc=00;36:*.ogg=00;36:*.ra=00;36:*.wav=00;36:*.oga=00;36:*.opus=00;36:*.spx=00;36:*.xspf=00;36:'), ('VSCODE_GIT_IPC_HANDLE', '/run/user/1000/vscode-git-b2f6531973.sock'), ('TERM_PROGRAM', 'vscode'), ('SSH_AGENT_LAUNCHER', 'gnome-keyring'), ('SSH_AUTH_SOCK', '/run/user/1000/keyring/ssh'), ('GSETTINGS_SCHEMA_DIR', '/home/dheeraj/snap/code/176/.local/share/glib-2.0/schemas'), ('AMENT_PREFIX_PATH', '/opt/ros/humble'), ('ORIGINAL_XDG_CURRENT_DESKTOP', 'ubuntu:GNOME'), ('SHELL', '/bin/bash'), ('QT_ACCESSIBILITY', '1'), ('GDMSESSION', 'ubuntu'), ('LESSCLOSE', '/usr/bin/lesspipe %s %s'), ('GTK_PATH_VSCODE_SNAP_ORIG', ''), ('GTK_IM_MODULE_FILE_VSCODE_SNAP_ORIG', ''), ('GJS_DEBUG_OUTPUT', 'stderr'), ('VSCODE_GIT_ASKPASS_EXTRA_ARGS', ''), ('QT_IM_MODULE', 'ibus'), ('PWD', '/home/dheeraj/ros2_ws/src/my_beginner_tutorials/build/my_beginner_tutorials'), ('XDG_CONFIG_DIRS', '/etc/xdg/xdg-ubuntu:/etc/xdg'), ('XDG_DATA_DIRS', '/home/dheeraj/snap/code/176/.local/share:/home/dheeraj/snap/code/176:/snap/code/176/usr/share:/usr/share/ubuntu:/usr/local/share/:/usr/share/:/var/lib/snapd/desktop'), ('PYTHONPATH', '/opt/ros/humble/lib/python3.10/site-packages:/opt/ros/humble/local/lib/python3.10/dist-packages'), ('COLCON', '1')]), 'shell': False}
[0.024368] (my_beginner_tutorials) StdoutLine: {'line': b'-- Found ament_cmake: 1.3.11 (/opt/ros/humble/share/ament_cmake/cmake)\n'}
[0.099331] (-) TimerEvent: {}
[0.140899] (my_beginner_tutorials) StdoutLine: {'line': b'-- Found rosidl_default_generators: 1.2.0 (/opt/ros/humble/share/rosidl_default_generators/cmake)\n'}
[0.142403] (my_beginner_tutorials) StdoutLine: {'line': b'-- Using all available rosidl_typesupport_c: rosidl_typesupport_fastrtps_c;rosidl_typesupport_introspection_c\n'}
[0.145039] (my_beginner_tutorials) StdoutLine: {'line': b'-- Found rosidl_adapter: 3.1.6 (/opt/ros/humble/share/rosidl_adapter/cmake)\n'}
[0.174257] (my_beginner_tutorials) StdoutLine: {'line': b'-- Using all available rosidl_typesupport_cpp: rosidl_typesupport_fastrtps_cpp;rosidl_typesupport_introspection_cpp\n'}
[0.196601] (my_beginner_tutorials) StdoutLine: {'line': b'-- Found rclcpp: 16.0.11 (/opt/ros/humble/share/rclcpp/cmake)\n'}
[0.199451] (-) TimerEvent: {}
[0.235053] (my_beginner_tutorials) StdoutLine: {'line': b'-- Found rmw_implementation_cmake: 6.1.2 (/opt/ros/humble/share/rmw_implementation_cmake/cmake)\n'}
[0.236355] (my_beginner_tutorials) StdoutLine: {'line': b'-- Found rmw_fastrtps_cpp: 6.2.7 (/opt/ros/humble/share/rmw_fastrtps_cpp/cmake)\n'}
[0.299599] (-) TimerEvent: {}
[0.336100] (my_beginner_tutorials) StdoutLine: {'line': b"-- Using RMW implementation 'rmw_fastrtps_cpp' as default\n"}
[0.384668] (my_beginner_tutorials) StdoutLine: {'line': b'-- Found tf2: 0.25.9 (/opt/ros/humble/share/tf2/cmake)\n'}
[0.399473] (my_beginner_tutorials) StdoutLine: {'line': b'-- Found tf2_ros: 0.25.9 (/opt/ros/humble/share/tf2_ros/cmake)\n'}
[0.399602] (-) TimerEvent: {}
[0.499790] (-) TimerEvent: {}
[0.600128] (-) TimerEvent: {}
[0.648683] (my_beginner_tutorials) StderrLine: {'line': b"Error parsing '/home/dheeraj/ros2_ws/src/my_beginner_tutorials/package.xml':\n"}
[0.690292] (my_beginner_tutorials) StderrLine: {'line': b'Traceback (most recent call last):\n'}
[0.690562] (my_beginner_tutorials) StderrLine: {'line': b'  File "/usr/lib/python3/dist-packages/catkin_pkg/package.py", line 610, in parse_package_string\n'}
[0.690694] (my_beginner_tutorials) StderrLine: {'line': b'    root = dom.parseString(data)\n'}
[0.690850] (my_beginner_tutorials) StderrLine: {'line': b'  File "/usr/lib/python3.10/xml/dom/minidom.py", line 2000, in parseString\n'}
[0.691021] (my_beginner_tutorials) StderrLine: {'line': b'    return expatbuilder.parseString(string)\n'}
[0.691281] (my_beginner_tutorials) StderrLine: {'line': b'  File "/usr/lib/python3.10/xml/dom/expatbuilder.py", line 925, in parseString\n'}
[0.691388] (my_beginner_tutorials) StderrLine: {'line': b'    return builder.parseString(string)\n'}
[0.691534] (my_beginner_tutorials) StderrLine: {'line': b'  File "/usr/lib/python3.10/xml/dom/expatbuilder.py", line 223, in parseString\n'}
[0.691619] (my_beginner_tutorials) StderrLine: {'line': b'    parser.Parse(string, True)\n'}
[0.691699] (my_beginner_tutorials) StderrLine: {'line': b'xml.parsers.expat.ExpatError: mismatched tag: line 23, column 2\n'}
[0.691780] (my_beginner_tutorials) StderrLine: {'line': b'\n'}
[0.691858] (my_beginner_tutorials) StderrLine: {'line': b'During handling of the above exception, another exception occurred:\n'}
[0.691938] (my_beginner_tutorials) StderrLine: {'line': b'\n'}
[0.692039] (my_beginner_tutorials) StderrLine: {'line': b'Traceback (most recent call last):\n'}
[0.692113] (my_beginner_tutorials) StderrLine: {'line': b'  File "/opt/ros/humble/share/ament_cmake_core/cmake/core/package_xml_2_cmake.py", line 150, in <module>\n'}
[0.692188] (my_beginner_tutorials) StderrLine: {'line': b'    main()\n'}
[0.692262] (my_beginner_tutorials) StderrLine: {'line': b'  File "/opt/ros/humble/share/ament_cmake_core/cmake/core/package_xml_2_cmake.py", line 53, in main\n'}
[0.692337] (my_beginner_tutorials) StderrLine: {'line': b'    raise e\n'}
[0.692440] (my_beginner_tutorials) StderrLine: {'line': b'  File "/opt/ros/humble/share/ament_cmake_core/cmake/core/package_xml_2_cmake.py", line 49, in main\n'}
[0.692537] (my_beginner_tutorials) StderrLine: {'line': b'    package = parse_package_string(\n'}
[0.692615] (my_beginner_tutorials) StderrLine: {'line': b'  File "/usr/lib/python3/dist-packages/catkin_pkg/package.py", line 612, in parse_package_string\n'}
[0.692691] (my_beginner_tutorials) StderrLine: {'line': b"    raise InvalidPackage('The manifest contains invalid XML:\\n%s' % ex, filename)\n"}
[0.692765] (my_beginner_tutorials) StderrLine: {'line': b"catkin_pkg.package.InvalidPackage: Error(s) in package '/home/dheeraj/ros2_ws/src/my_beginner_tutorials/package.xml':\n"}
[0.692845] (my_beginner_tutorials) StderrLine: {'line': b'The manifest contains invalid XML:\n'}
[0.692928] (my_beginner_tutorials) StderrLine: {'line': b'mismatched tag: line 23, column 2\n'}
[0.700199] (-) TimerEvent: {}
[0.706766] (my_beginner_tutorials) StderrLine: {'line': b'\x1b[31mCMake Error at /opt/ros/humble/share/ament_cmake_core/cmake/core/ament_package_xml.cmake:95 (message):\n'}
[0.706992] (my_beginner_tutorials) StderrLine: {'line': b'  execute_process(/usr/bin/python3\n'}
[0.707136] (my_beginner_tutorials) StderrLine: {'line': b'  /opt/ros/humble/share/ament_cmake_core/cmake/core/package_xml_2_cmake.py\n'}
[0.707196] (my_beginner_tutorials) StderrLine: {'line': b'  /home/dheeraj/ros2_ws/src/my_beginner_tutorials/package.xml\n'}
[0.707249] (my_beginner_tutorials) StderrLine: {'line': b'  /home/dheeraj/ros2_ws/src/my_beginner_tutorials/build/my_beginner_tutorials/ament_cmake_core/package.cmake)\n'}
[0.707301] (my_beginner_tutorials) StderrLine: {'line': b'  returned error code 1\n'}
[0.707351] (my_beginner_tutorials) StderrLine: {'line': b'Call Stack (most recent call first):\n'}
[0.707416] (my_beginner_tutorials) StderrLine: {'line': b'  /opt/ros/humble/share/ament_cmake_core/cmake/core/ament_package_xml.cmake:49 (_ament_package_xml)\n'}
[0.707470] (my_beginner_tutorials) StderrLine: {'line': b'  /opt/ros/humble/share/rosidl_cmake/cmake/rosidl_generate_interfaces.cmake:226 (ament_package_xml)\n'}
[0.707526] (my_beginner_tutorials) StderrLine: {'line': b'  CMakeLists.txt:21 (rosidl_generate_interfaces)\n'}
[0.707576] (my_beginner_tutorials) StderrLine: {'line': b'\n'}
[0.707625] (my_beginner_tutorials) StderrLine: {'line': b'\x1b[0m\n'}
[0.707675] (my_beginner_tutorials) StdoutLine: {'line': b'-- Configuring incomplete, errors occurred!\n'}
[0.707749] (my_beginner_tutorials) StdoutLine: {'line': b'See also "/home/dheeraj/ros2_ws/src/my_beginner_tutorials/build/my_beginner_tutorials/CMakeFiles/CMakeOutput.log".\n'}
[0.716340] (my_beginner_tutorials) CommandEnded: {'returncode': 1}
[0.717280] (my_beginner_tutorials) JobEnded: {'identifier': 'my_beginner_tutorials', 'rc': 1}
[0.728125] (-) EventReactorShutdown: {}
